Start testing: Jul 05 22:57 中国标准时间
----------------------------------------------------------
Test not available without configuration.  (Missing "-C <config>"?)
1/1 Testing: idmix_test
1/1 Test: idmix_test
Command: "NOT_AVAILABLE"
Directory: D:/vanni/idmix/cpp/build
"idmix_test" start time: 
Output:
----------------------------------------------------------
<end of output>
Test time =   0.00 sec
----------------------------------------------------------
Test Passed.
"idmix_test" end time: Jul 05 22:57 中国标准时间
"idmix_test" time elapsed: 00:00:00
----------------------------------------------------------

End testing: Jul 05 22:57 中国标准时间
